2023-07-22 09:15:47,343 INFO o.h.v.i.u.Version [background-preinit] HV000001: Hibernate Validator 8.0.0.Final
2023-07-22 09:15:47,392 INFO o.s.b.StartupInfoLogger [restartedMain] Starting CloudMagApplication using Java 17.0.8 with PID 22232 (C:\Users\anfel\IdeaProjects\ThesisCloudMag\build\classes\java\main started by anfel in C:\Users\anfel\IdeaProjects\ThesisCloudMag)
2023-07-22 09:15:47,397 INFO o.s.b.SpringApplication [restartedMain] The following 1 profile is active: "local-win"
2023-07-22 09:15:47,439 INFO o.s.b.l.DeferredLog [restartedMain] Devtools property defaults active! Set 'spring.devtools.add-properties' to 'false' to disable
2023-07-22 09:15:47,439 INFO o.s.b.l.DeferredLog [restartedMain] For additional web related logging consider setting the 'logging.level.web' property to 'DEBUG'
2023-07-22 09:15:48,155 INFO o.s.d.r.c.RepositoryConfigurationDelegate [restartedMain] Bootstrapping Spring Data JPA repositories in DEFAULT mode.
2023-07-22 09:15:48,343 INFO o.s.d.r.c.RepositoryConfigurationDelegate [restartedMain] Finished Spring Data repository scanning in 181 ms. Found 8 JPA repository interfaces.
2023-07-22 09:15:49,119 INFO o.s.b.w.e.t.TomcatWebServer [restartedMain] Tomcat initialized with port(s): 8088 (http)
2023-07-22 09:15:49,128 INFO o.a.j.l.DirectJDKLog [restartedMain] Initializing ProtocolHandler ["http-nio-8088"]
2023-07-22 09:15:49,129 INFO o.a.j.l.DirectJDKLog [restartedMain] Starting service [Tomcat]
2023-07-22 09:15:49,129 INFO o.a.j.l.DirectJDKLog [restartedMain] Starting Servlet engine: [Apache Tomcat/10.1.5]
2023-07-22 09:15:49,207 INFO o.a.j.l.DirectJDKLog [restartedMain] Initializing Spring embedded WebApplicationContext
2023-07-22 09:15:49,207 INFO o.s.b.w.s.c.ServletWebServerApplicationContext [restartedMain] Root WebApplicationContext: initialization completed in 1767 ms
2023-07-22 09:15:49,319 INFO o.h.j.i.u.LogHelper [restartedMain] HHH000204: Processing PersistenceUnitInfo [name: default]
2023-07-22 09:15:49,386 INFO o.h.Version [restartedMain] HHH000412: Hibernate ORM core version 6.1.7.Final
2023-07-22 09:15:49,691 INFO c.z.h.HikariDataSource [restartedMain] HikariPool-1 - Starting...
2023-07-22 09:15:51,474 INFO c.z.h.p.HikariPool [restartedMain] HikariPool-1 - Added connection org.postgresql.jdbc.PgConnection@18f1414b
2023-07-22 09:15:51,476 INFO c.z.h.HikariDataSource [restartedMain] HikariPool-1 - Start completed.
2023-07-22 09:15:51,606 INFO o.h.e.j.d.i.DialectFactoryImpl [restartedMain] HHH000400: Using dialect: org.hibernate.dialect.PostgreSQLDialect
2023-07-22 09:16:02,650 INFO o.h.e.t.j.p.i.JtaPlatformInitiator [restartedMain] HHH000490: Using JtaPlatform implementation: [org.hibernate.engine.transaction.jta.platform.internal.NoJtaPlatform]
2023-07-22 09:16:02,660 INFO o.s.o.j.AbstractEntityManagerFactoryBean [restartedMain] Initialized JPA EntityManagerFactory for persistence unit 'default'
2023-07-22 09:16:04,249 WARN o.s.b.a.o.j.JpaBaseConfiguration$JpaWebConfiguration [restartedMain] spring.jpa.open-in-view is enabled by default. Therefore, database queries may be performed during view rendering. Explicitly configure spring.jpa.open-in-view to disable this warning
2023-07-22 09:16:04,423 INFO o.s.s.w.DefaultSecurityFilterChain [restartedMain] Will secure any request with [org.springframework.security.web.session.DisableEncodeUrlFilter@feab204, org.springframework.security.web.context.request.async.WebAsyncManagerIntegrationFilter@1e9fb35, org.springframework.security.web.context.SecurityContextHolderFilter@12132308, org.springframework.security.web.header.HeaderWriterFilter@5e7d0a5b, org.springframework.web.filter.CorsFilter@20208d65, org.springframework.security.web.authentication.logout.LogoutFilter@325da7a4, com.antithesis.cloudmag.configuration.security.jwt.AuthTokenFilter@711a09d1, org.springframework.security.web.savedrequest.RequestCacheAwareFilter@78835ad1, org.springframework.security.web.servletapi.SecurityContextHolderAwareRequestFilter@388205b4, org.springframework.security.web.authentication.AnonymousAuthenticationFilter@2e32bae5, org.springframework.security.web.session.SessionManagementFilter@2c2b4e29, org.springframework.security.web.access.ExceptionTranslationFilter@50961512, org.springframework.security.web.access.intercept.AuthorizationFilter@26651d19]
2023-07-22 09:16:04,657 INFO o.s.b.d.a.OptionalLiveReloadServer [restartedMain] LiveReload server is running on port 35729
2023-07-22 09:16:04,726 INFO o.a.j.l.DirectJDKLog [restartedMain] Starting ProtocolHandler ["http-nio-8088"]
2023-07-22 09:16:04,743 INFO o.s.b.w.e.t.TomcatWebServer [restartedMain] Tomcat started on port(s): 8088 (http) with context path ''
2023-07-22 09:16:04,750 INFO o.s.b.StartupInfoLogger [restartedMain] Started CloudMagApplication in 17.83 seconds (process running for 18.686)
2023-07-22 09:16:38,288 INFO o.a.j.l.DirectJDKLog [http-nio-8088-exec-4] Initializing Spring DispatcherServlet 'dispatcherServlet'
2023-07-22 09:16:38,288 INFO o.s.w.s.FrameworkServlet [http-nio-8088-exec-4] Initializing Servlet 'dispatcherServlet'
2023-07-22 09:16:38,290 INFO o.s.w.s.FrameworkServlet [http-nio-8088-exec-4] Completed initialization in 1 ms
